<?xml version="1.0" encoding="UTF-8"?>
<testng-results ignored="0" total="1" passed="1" failed="0" skipped="0">
  <reporter-output>
  </reporter-output>
  <suite started-at="2021-10-28T12:22:31 IST" name="Default suite" finished-at="2021-10-28T12:22:44 IST" duration-ms="13807">
    <groups>
      <group name="regression">
        <method signature="EndToEndTest.verifyUserCanPlaceOrder()[pri:0, instance:com.automation.tests.EndToEndTest@2e1d27ba]" name="verifyUserCanPlaceOrder" class="com.automation.tests.EndToEndTest"/>
      </group> <!-- regression -->
    </groups>
    <test started-at="2021-10-28T12:22:31 IST" name="Default test" finished-at="2021-10-28T12:22:44 IST" duration-ms="13807">
      <class name="com.automation.tests.EndToEndTest">
        <test-method is-config="true" signature="setUp()[pri:0, instance:com.automation.tests.EndToEndTest@2e1d27ba]" started-at="2021-10-28T12:22:31 IST" name="setUp" finished-at="2021-10-28T12:22:33 IST" duration-ms="2853" status="PASS">
          <reporter-output>
          </reporter-output>
        </test-method> <!-- setUp -->
        <test-method signature="verifyUserCanPlaceOrder()[pri:0, instance:com.automation.tests.EndToEndTest@2e1d27ba]" started-at="2021-10-28T12:22:33 IST" name="verifyUserCanPlaceOrder" finished-at="2021-10-28T12:22:43 IST" duration-ms="9975" status="PASS">
          <reporter-output>
          </reporter-output>
        </test-method> <!-- verifyUserCanPlaceOrder -->
        <test-method is-config="true" signature="cleanUp()[pri:0, instance:com.automation.tests.EndToEndTest@2e1d27ba]" started-at="2021-10-28T12:22:43 IST" name="cleanUp" finished-at="2021-10-28T12:22:44 IST" duration-ms="933" status="PASS">
          <reporter-output>
          </reporter-output>
        </test-method> <!-- cleanUp -->
      </class> <!-- com.automation.tests.EndToEndTest -->
    </test> <!-- Default test -->
  </suite> <!-- Default suite -->
</testng-results>
